
bb_init()
    conn:
    proto_major = 7
    proto_minor = 26
    async_read = 1
    max_write = 131072
    max_readahead = 131072
    capable = 00000ffb
    want = 00000010
    max_background = 0
    congestion_threshold = 0
    context:
    fuse = 355f97f0
    uid = 0
    gid = 0
    pid = 0
    private_data = 355f8260
    logfile = 355f9290
    rootdir = /home/pr109/ece566-esa/fuse-tutorial-2018-02-04/example/rootdir
    umask = 00000

bb_getattr(path="/", statbuf=0xfbb7cc00)
    bb_fullpath:  rootdir = "/home/pr109/ece566-esa/fuse-tutorial-2018-02-04/example/rootdir", path = "/", fpath = "/home/pr109/ece566-esa/fuse-tutorial-2018-02-04/example/rootdir/"
    lstat returned 0
    si:
    st_dev = 64768
    st_ino = 127817
    st_mode = 040775
    st_nlink = 2
    st_uid = 1189417
    st_gid = 1005
    st_rdev = 0
    st_size = 23
    st_blksize = 4096
    st_blocks = 0
    st_atime = 0x5d73f07f
    st_mtime = 0x5d718f69
    st_ctime = 0x5d718f69

bb_getxattr(path = "/", name = "security.selinux", value = 0xf4001df0, size = 255)
    bb_fullpath:  rootdir = "/home/pr109/ece566-esa/fuse-tutorial-2018-02-04/example/rootdir", path = "/", fpath = "/home/pr109/ece566-esa/fuse-tutorial-2018-02-04/example/rootdir/"
    lgetxattr returned -1
    ERROR lgetxattr: No data available

bb_getxattr(path = "/", name = "system.posix_acl_access", value = 0x00000000, size = 0)
    bb_fullpath:  rootdir = "/home/pr109/ece566-esa/fuse-tutorial-2018-02-04/example/rootdir", path = "/", fpath = "/home/pr109/ece566-esa/fuse-tutorial-2018-02-04/example/rootdir/"
    lgetxattr returned -1
    ERROR lgetxattr: No data available

bb_getxattr(path = "/", name = "system.posix_acl_default", value = 0x00000000, size = 0)
    bb_fullpath:  rootdir = "/home/pr109/ece566-esa/fuse-tutorial-2018-02-04/example/rootdir", path = "/", fpath = "/home/pr109/ece566-esa/fuse-tutorial-2018-02-04/example/rootdir/"
    lgetxattr returned -1
    ERROR lgetxattr: No data available

bb_getattr(path="/", statbuf=0xfbb7cc00)
    bb_fullpath:  rootdir = "/home/pr109/ece566-esa/fuse-tutorial-2018-02-04/example/rootdir", path = "/", fpath = "/home/pr109/ece566-esa/fuse-tutorial-2018-02-04/example/rootdir/"
    lstat returned 0
    si:
    st_dev = 64768
    st_ino = 127817
    st_mode = 040775
    st_nlink = 2
    st_uid = 1189417
    st_gid = 1005
    st_rdev = 0
    st_size = 23
    st_blksize = 4096
    st_blocks = 0
    st_atime = 0x5d73f07f
    st_mtime = 0x5d718f69
    st_ctime = 0x5d718f69

bb_getxattr(path = "/", name = "security.selinux", value = 0xf4001df0, size = 255)
    bb_fullpath:  rootdir = "/home/pr109/ece566-esa/fuse-tutorial-2018-02-04/example/rootdir", path = "/", fpath = "/home/pr109/ece566-esa/fuse-tutorial-2018-02-04/example/rootdir/"
    lgetxattr returned -1
    ERROR lgetxattr: No data available

bb_getxattr(path = "/", name = "system.posix_acl_access", value = 0x00000000, size = 0)
    bb_fullpath:  rootdir = "/home/pr109/ece566-esa/fuse-tutorial-2018-02-04/example/rootdir", path = "/", fpath = "/home/pr109/ece566-esa/fuse-tutorial-2018-02-04/example/rootdir/"
    lgetxattr returned -1
    ERROR lgetxattr: No data available

bb_getxattr(path = "/", name = "system.posix_acl_default", value = 0x00000000, size = 0)
    bb_fullpath:  rootdir = "/home/pr109/ece566-esa/fuse-tutorial-2018-02-04/example/rootdir", path = "/", fpath = "/home/pr109/ece566-esa/fuse-tutorial-2018-02-04/example/rootdir/"
    lgetxattr returned -1
    ERROR lgetxattr: No data available

bb_opendir(path="/", fi=0xfbb7cc20)
    bb_fullpath:  rootdir = "/home/pr109/ece566-esa/fuse-tutorial-2018-02-04/example/rootdir", path = "/", fpath = "/home/pr109/ece566-esa/fuse-tutorial-2018-02-04/example/rootdir/"
    opendir returned 0x0x7fe5ec000fc0
    fi:
    flags = 0x00018800
    fh_old = 0x00000000
    writepage = 0
    direct_io = 0
    keep_cache = 0
    fh = 0x00007fe5ec000fc0
    lock_owner = 0x0000000000000000

bb_readdir(path="/", buf=0xec000f40, filler=0xfcb9ad00, offset=0, fi=0xfc37dc20)
    readdir returned 0x0x7fe5ec000ff0
calling filler with name .
calling filler with name ..
calling filler with name bogus.txt
    fi:
    flags = 0x00000000
    fh_old = 0x7fe5ec000fc0
    writepage = 0
    direct_io = 0
    keep_cache = 0
    fh = 0x00007fe5ec000fc0
    lock_owner = 0x0000000000000000

bb_getattr(path="/", statbuf=0xfbb7cc00)
    bb_fullpath:  rootdir = "/home/pr109/ece566-esa/fuse-tutorial-2018-02-04/example/rootdir", path = "/", fpath = "/home/pr109/ece566-esa/fuse-tutorial-2018-02-04/example/rootdir/"
    lstat returned 0
    si:
    st_dev = 64768
    st_ino = 127817
    st_mode = 040775
    st_nlink = 2
    st_uid = 1189417
    st_gid = 1005
    st_rdev = 0
    st_size = 23
    st_blksize = 4096
    st_blocks = 0
    st_atime = 0x5d73f07f
    st_mtime = 0x5d718f69
    st_ctime = 0x5d718f69

bb_getxattr(path = "/", name = "security.selinux", value = 0xf4001df0, size = 255)
    bb_fullpath:  rootdir = "/home/pr109/ece566-esa/fuse-tutorial-2018-02-04/example/rootdir", path = "/", fpath = "/home/pr109/ece566-esa/fuse-tutorial-2018-02-04/example/rootdir/"
    lgetxattr returned -1
    ERROR lgetxattr: No data available

bb_getxattr(path = "/", name = "system.posix_acl_access", value = 0x00000000, size = 0)
    bb_fullpath:  rootdir = "/home/pr109/ece566-esa/fuse-tutorial-2018-02-04/example/rootdir", path = "/", fpath = "/home/pr109/ece566-esa/fuse-tutorial-2018-02-04/example/rootdir/"
    lgetxattr returned -1
    ERROR lgetxattr: No data available

bb_getxattr(path = "/", name = "system.posix_acl_default", value = 0x00000000, size = 0)
    bb_fullpath:  rootdir = "/home/pr109/ece566-esa/fuse-tutorial-2018-02-04/example/rootdir", path = "/", fpath = "/home/pr109/ece566-esa/fuse-tutorial-2018-02-04/example/rootdir/"
    lgetxattr returned -1
    ERROR lgetxattr: No data available

bb_getattr(path="/bogus.txt", statbuf=0xfbb7cc30)
    bb_fullpath:  rootdir = "/home/pr109/ece566-esa/fuse-tutorial-2018-02-04/example/rootdir", path = "/bogus.txt", fpath = "/home/pr109/ece566-esa/fuse-tutorial-2018-02-04/example/rootdir/bogus.txt"
    lstat returned 0
    si:
    st_dev = 64768
    st_ino = 127818
    st_mode = 0100664
    st_nlink = 1
    st_uid = 1189417
    st_gid = 1005
    st_rdev = 0
    st_size = 11
    st_blksize = 4096
    st_blocks = 8
    st_atime = 0x5d718f69
    st_mtime = 0x5d718f69
    st_ctime = 0x5d718f69

bb_getxattr(path = "/bogus.txt", name = "security.selinux", value = 0xf4001df0, size = 255)
    bb_fullpath:  rootdir = "/home/pr109/ece566-esa/fuse-tutorial-2018-02-04/example/rootdir", path = "/bogus.txt", fpath = "/home/pr109/ece566-esa/fuse-tutorial-2018-02-04/example/rootdir/bogus.txt"
    lgetxattr returned -1
    ERROR lgetxattr: No data available

bb_getxattr(path = "/bogus.txt", name = "system.posix_acl_access", value = 0x00000000, size = 0)
    bb_fullpath:  rootdir = "/home/pr109/ece566-esa/fuse-tutorial-2018-02-04/example/rootdir", path = "/bogus.txt", fpath = "/home/pr109/ece566-esa/fuse-tutorial-2018-02-04/example/rootdir/bogus.txt"
    lgetxattr returned -1
    ERROR lgetxattr: No data available

bb_releasedir(path="/", fi=0xfbb7cc30)
    fi:
    flags = 0x00000000
    fh_old = 0x7fe5ec000fc0
    writepage = 0
    direct_io = 0
    keep_cache = 0
    fh = 0x00007fe5ec000fc0
    lock_owner = 0x0000000000000000

bb_getattr(path="/", statbuf=0xfc37dc00)
    bb_fullpath:  rootdir = "/home/pr109/ece566-esa/fuse-tutorial-2018-02-04/example/rootdir", path = "/", fpath = "/home/pr109/ece566-esa/fuse-tutorial-2018-02-04/example/rootdir/"
    lstat returned 0
    si:
    st_dev = 64768
    st_ino = 127817
    st_mode = 040775
    st_nlink = 2
    st_uid = 1189417
    st_gid = 1005
    st_rdev = 0
    st_size = 23
    st_blksize = 4096
    st_blocks = 0
    st_atime = 0x5d73f07f
    st_mtime = 0x5d718f69
    st_ctime = 0x5d718f69

bb_getxattr(path = "/", name = "security.selinux", value = 0xec000bf0, size = 255)
    bb_fullpath:  rootdir = "/home/pr109/ece566-esa/fuse-tutorial-2018-02-04/example/rootdir", path = "/", fpath = "/home/pr109/ece566-esa/fuse-tutorial-2018-02-04/example/rootdir/"
    lgetxattr returned -1
    ERROR lgetxattr: No data available

bb_getxattr(path = "/", name = "system.posix_acl_access", value = 0x00000000, size = 0)
    bb_fullpath:  rootdir = "/home/pr109/ece566-esa/fuse-tutorial-2018-02-04/example/rootdir", path = "/", fpath = "/home/pr109/ece566-esa/fuse-tutorial-2018-02-04/example/rootdir/"
    lgetxattr returned -1
    ERROR lgetxattr: No data available

bb_getxattr(path = "/", name = "system.posix_acl_default", value = 0x00000000, size = 0)
    bb_fullpath:  rootdir = "/home/pr109/ece566-esa/fuse-tutorial-2018-02-04/example/rootdir", path = "/", fpath = "/home/pr109/ece566-esa/fuse-tutorial-2018-02-04/example/rootdir/"
    lgetxattr returned -1
    ERROR lgetxattr: No data available

bb_getattr(path="/", statbuf=0xfc37dc00)
    bb_fullpath:  rootdir = "/home/pr109/ece566-esa/fuse-tutorial-2018-02-04/example/rootdir", path = "/", fpath = "/home/pr109/ece566-esa/fuse-tutorial-2018-02-04/example/rootdir/"
    lstat returned 0
    si:
    st_dev = 64768
    st_ino = 127817
    st_mode = 040775
    st_nlink = 2
    st_uid = 1189417
    st_gid = 1005
    st_rdev = 0
    st_size = 23
    st_blksize = 4096
    st_blocks = 0
    st_atime = 0x5d73f07f
    st_mtime = 0x5d718f69
    st_ctime = 0x5d718f69

bb_getxattr(path = "/", name = "security.selinux", value = 0xec000bf0, size = 255)
    bb_fullpath:  rootdir = "/home/pr109/ece566-esa/fuse-tutorial-2018-02-04/example/rootdir", path = "/", fpath = "/home/pr109/ece566-esa/fuse-tutorial-2018-02-04/example/rootdir/"
    lgetxattr returned -1
    ERROR lgetxattr: No data available

bb_getxattr(path = "/", name = "system.posix_acl_access", value = 0x00000000, size = 0)
    bb_fullpath:  rootdir = "/home/pr109/ece566-esa/fuse-tutorial-2018-02-04/example/rootdir", path = "/", fpath = "/home/pr109/ece566-esa/fuse-tutorial-2018-02-04/example/rootdir/"
    lgetxattr returned -1
    ERROR lgetxattr: No data available

bb_getxattr(path = "/", name = "system.posix_acl_default", value = 0x00000000, size = 0)
    bb_fullpath:  rootdir = "/home/pr109/ece566-esa/fuse-tutorial-2018-02-04/example/rootdir", path = "/", fpath = "/home/pr109/ece566-esa/fuse-tutorial-2018-02-04/example/rootdir/"
    lgetxattr returned -1
    ERROR lgetxattr: No data available

bb_getattr(path="/", statbuf=0xfc37dc00)
    bb_fullpath:  rootdir = "/home/pr109/ece566-esa/fuse-tutorial-2018-02-04/example/rootdir", path = "/", fpath = "/home/pr109/ece566-esa/fuse-tutorial-2018-02-04/example/rootdir/"
    lstat returned 0
    si:
    st_dev = 64768
    st_ino = 127817
    st_mode = 040775
    st_nlink = 2
    st_uid = 1189417
    st_gid = 1005
    st_rdev = 0
    st_size = 23
    st_blksize = 4096
    st_blocks = 0
    st_atime = 0x5d73f07f
    st_mtime = 0x5d718f69
    st_ctime = 0x5d718f69

bb_getxattr(path = "/", name = "security.selinux", value = 0xec000bf0, size = 255)
    bb_fullpath:  rootdir = "/home/pr109/ece566-esa/fuse-tutorial-2018-02-04/example/rootdir", path = "/", fpath = "/home/pr109/ece566-esa/fuse-tutorial-2018-02-04/example/rootdir/"
    lgetxattr returned -1
    ERROR lgetxattr: No data available

bb_getxattr(path = "/", name = "system.posix_acl_access", value = 0x00000000, size = 0)
    bb_fullpath:  rootdir = "/home/pr109/ece566-esa/fuse-tutorial-2018-02-04/example/rootdir", path = "/", fpath = "/home/pr109/ece566-esa/fuse-tutorial-2018-02-04/example/rootdir/"
    lgetxattr returned -1
    ERROR lgetxattr: No data available

bb_getxattr(path = "/", name = "system.posix_acl_default", value = 0x00000000, size = 0)
    bb_fullpath:  rootdir = "/home/pr109/ece566-esa/fuse-tutorial-2018-02-04/example/rootdir", path = "/", fpath = "/home/pr109/ece566-esa/fuse-tutorial-2018-02-04/example/rootdir/"
    lgetxattr returned -1
    ERROR lgetxattr: No data available

bb_opendir(path="/", fi=0xfc37dc20)
    bb_fullpath:  rootdir = "/home/pr109/ece566-esa/fuse-tutorial-2018-02-04/example/rootdir", path = "/", fpath = "/home/pr109/ece566-esa/fuse-tutorial-2018-02-04/example/rootdir/"
    opendir returned 0x0x7fe5f4002800
    fi:
    flags = 0x00018800
    fh_old = 0x00000000
    writepage = 0
    direct_io = 0
    keep_cache = 0
    fh = 0x00007fe5f4002800
    lock_owner = 0x0000000000000000

bb_readdir(path="/", buf=0xf4002780, filler=0xfcb9ad00, offset=0, fi=0xfbb7cc20)
    readdir returned 0x0x7fe5f4002830
calling filler with name .
calling filler with name ..
calling filler with name bogus.txt
    fi:
    flags = 0x00000000
    fh_old = 0x7fe5f4002800
    writepage = 0
    direct_io = 0
    keep_cache = 0
    fh = 0x00007fe5f4002800
    lock_owner = 0x0000000000000000

bb_getattr(path="/", statbuf=0xfc37dc00)
    bb_fullpath:  rootdir = "/home/pr109/ece566-esa/fuse-tutorial-2018-02-04/example/rootdir", path = "/", fpath = "/home/pr109/ece566-esa/fuse-tutorial-2018-02-04/example/rootdir/"
    lstat returned 0
    si:
    st_dev = 64768
    st_ino = 127817
    st_mode = 040775
    st_nlink = 2
    st_uid = 1189417
    st_gid = 1005
    st_rdev = 0
    st_size = 23
    st_blksize = 4096
    st_blocks = 0
    st_atime = 0x5d73f07f
    st_mtime = 0x5d718f69
    st_ctime = 0x5d718f69

bb_getxattr(path = "/", name = "security.selinux", value = 0xec000bf0, size = 255)
    bb_fullpath:  rootdir = "/home/pr109/ece566-esa/fuse-tutorial-2018-02-04/example/rootdir", path = "/", fpath = "/home/pr109/ece566-esa/fuse-tutorial-2018-02-04/example/rootdir/"
    lgetxattr returned -1
    ERROR lgetxattr: No data available

bb_getxattr(path = "/", name = "system.posix_acl_access", value = 0x00000000, size = 0)
    bb_fullpath:  rootdir = "/home/pr109/ece566-esa/fuse-tutorial-2018-02-04/example/rootdir", path = "/", fpath = "/home/pr109/ece566-esa/fuse-tutorial-2018-02-04/example/rootdir/"
    lgetxattr returned -1
    ERROR lgetxattr: No data available

bb_getxattr(path = "/", name = "system.posix_acl_default", value = 0x00000000, size = 0)
    bb_fullpath:  rootdir = "/home/pr109/ece566-esa/fuse-tutorial-2018-02-04/example/rootdir", path = "/", fpath = "/home/pr109/ece566-esa/fuse-tutorial-2018-02-04/example/rootdir/"
    lgetxattr returned -1
    ERROR lgetxattr: No data available

bb_getattr(path="/bogus.txt", statbuf=0xfc37dc30)
    bb_fullpath:  rootdir = "/home/pr109/ece566-esa/fuse-tutorial-2018-02-04/example/rootdir", path = "/bogus.txt", fpath = "/home/pr109/ece566-esa/fuse-tutorial-2018-02-04/example/rootdir/bogus.txt"
    lstat returned 0
    si:
    st_dev = 64768
    st_ino = 127818
    st_mode = 0100664
    st_nlink = 1
    st_uid = 1189417
    st_gid = 1005
    st_rdev = 0
    st_size = 11
    st_blksize = 4096
    st_blocks = 8
    st_atime = 0x5d718f69
    st_mtime = 0x5d718f69
    st_ctime = 0x5d718f69

bb_getxattr(path = "/bogus.txt", name = "security.selinux", value = 0xec000bf0, size = 255)
    bb_fullpath:  rootdir = "/home/pr109/ece566-esa/fuse-tutorial-2018-02-04/example/rootdir", path = "/bogus.txt", fpath = "/home/pr109/ece566-esa/fuse-tutorial-2018-02-04/example/rootdir/bogus.txt"
    lgetxattr returned -1
    ERROR lgetxattr: No data available

bb_getxattr(path = "/bogus.txt", name = "system.posix_acl_access", value = 0x00000000, size = 0)
    bb_fullpath:  rootdir = "/home/pr109/ece566-esa/fuse-tutorial-2018-02-04/example/rootdir", path = "/bogus.txt", fpath = "/home/pr109/ece566-esa/fuse-tutorial-2018-02-04/example/rootdir/bogus.txt"
    lgetxattr returned -1
    ERROR lgetxattr: No data available

bb_releasedir(path="/", fi=0xfc37dc30)
    fi:
    flags = 0x00000000
    fh_old = 0x7fe5f4002800
    writepage = 0
    direct_io = 0
    keep_cache = 0
    fh = 0x00007fe5f4002800
    lock_owner = 0x0000000000000000

bb_getattr(path="/.git", statbuf=0xfbb7cc30)
    bb_fullpath:  rootdir = "/home/pr109/ece566-esa/fuse-tutorial-2018-02-04/example/rootdir", path = "/.git", fpath = "/home/pr109/ece566-esa/fuse-tutorial-2018-02-04/example/rootdir/.git"
    lstat returned -1
    ERROR lstat: No such file or directory
    si:
    st_dev = 0
    st_ino = 0
    st_mode = 00
    st_nlink = 0
    st_uid = 0
    st_gid = 0
    st_rdev = 0
    st_size = 0
    st_blksize = 0
    st_blocks = 0
    st_atime = 0x00000000
    st_mtime = 0x00000000
    st_ctime = 0x00000000

bb_getattr(path="/.git", statbuf=0xfc37dc30)
    bb_fullpath:  rootdir = "/home/pr109/ece566-esa/fuse-tutorial-2018-02-04/example/rootdir", path = "/.git", fpath = "/home/pr109/ece566-esa/fuse-tutorial-2018-02-04/example/rootdir/.git"
    lstat returned -1
    ERROR lstat: No such file or directory
    si:
    st_dev = 0
    st_ino = 0
    st_mode = 00
    st_nlink = 0
    st_uid = 0
    st_gid = 0
    st_rdev = 0
    st_size = 0
    st_blksize = 0
    st_blocks = 0
    st_atime = 0x00000000
    st_mtime = 0x00000000
    st_ctime = 0x00000000

bb_opendir(path="/", fi=0xfbb7cc20)
    bb_fullpath:  rootdir = "/home/pr109/ece566-esa/fuse-tutorial-2018-02-04/example/rootdir", path = "/", fpath = "/home/pr109/ece566-esa/fuse-tutorial-2018-02-04/example/rootdir/"
    opendir returned 0x0x7fe5ec009120
    fi:
    flags = 0x00018800
    fh_old = 0x00000000
    writepage = 0
    direct_io = 0
    keep_cache = 0
    fh = 0x00007fe5ec009120
    lock_owner = 0x0000000000000000

bb_getattr(path="/", statbuf=0xfc37dc00)
    bb_fullpath:  rootdir = "/home/pr109/ece566-esa/fuse-tutorial-2018-02-04/example/rootdir", path = "/", fpath = "/home/pr109/ece566-esa/fuse-tutorial-2018-02-04/example/rootdir/"
    lstat returned 0
    si:
    st_dev = 64768
    st_ino = 127817
    st_mode = 040775
    st_nlink = 2
    st_uid = 1189417
    st_gid = 1005
    st_rdev = 0
    st_size = 23
    st_blksize = 4096
    st_blocks = 0
    st_atime = 0x5d73f07f
    st_mtime = 0x5d718f69
    st_ctime = 0x5d718f69

bb_readdir(path="/", buf=0xec001160, filler=0xfcb9ad00, offset=0, fi=0xfbb7cc20)
    readdir returned 0x0x7fe5ec009150
calling filler with name .
calling filler with name ..
calling filler with name bogus.txt
    fi:
    flags = 0x00000000
    fh_old = 0x7fe5ec009120
    writepage = 0
    direct_io = 0
    keep_cache = 0
    fh = 0x00007fe5ec009120
    lock_owner = 0x0000000000000000

bb_getattr(path="/bogus.txt", statbuf=0xfc37dc30)
    bb_fullpath:  rootdir = "/home/pr109/ece566-esa/fuse-tutorial-2018-02-04/example/rootdir", path = "/bogus.txt", fpath = "/home/pr109/ece566-esa/fuse-tutorial-2018-02-04/example/rootdir/bogus.txt"
    lstat returned 0
    si:
    st_dev = 64768
    st_ino = 127818
    st_mode = 0100664
    st_nlink = 1
    st_uid = 1189417
    st_gid = 1005
    st_rdev = 0
    st_size = 11
    st_blksize = 4096
    st_blocks = 8
    st_atime = 0x5d718f69
    st_mtime = 0x5d718f69
    st_ctime = 0x5d718f69

bb_getattr(path="/.gitignore", statbuf=0xfbb7cc30)
    bb_fullpath:  rootdir = "/home/pr109/ece566-esa/fuse-tutorial-2018-02-04/example/rootdir", path = "/.gitignore", fpath = "/home/pr109/ece566-esa/fuse-tutorial-2018-02-04/example/rootdir/.gitignore"
    lstat returned -1
    ERROR lstat: No such file or directory
    si:
    st_dev = 0
    st_ino = 0
    st_mode = 00
    st_nlink = 0
    st_uid = 0
    st_gid = 0
    st_rdev = 0
    st_size = 0
    st_blksize = 0
    st_blocks = 0
    st_atime = 0x00000000
    st_mtime = 0x00000000
    st_ctime = 0x00000000

bb_releasedir(path="/", fi=0xfbb7cc30)
    fi:
    flags = 0x00000000
    fh_old = 0x7fe5ec009120
    writepage = 0
    direct_io = 0
    keep_cache = 0
    fh = 0x00007fe5ec009120
    lock_owner = 0x0000000000000000
