
bb_init()
    conn:
    proto_major =  7
    proto_minor =  26
    async_read =  1
    max_write =  131072
    max_readahead =  131072
    capable = 00000ffb
    want = 00000010
    max_background =  0
    congestion_threshold =  0
    context:
    fuse = 55dcf7d0
    uid =  0
    gid =  0
    pid =  0
    private_data = 55dce260
    logfile = 55dcf290
    rootdir = /home/pr109/ece566-esa/tweakfs/example/rootdir
    umask = 00000

bb_getattr(path="/", statbuf=0x3e248c00)
    bb_fullpath:  rootdir = "/home/pr109/ece566-esa/tweakfs/example/rootdir", path = "/", fpath = "/home/pr109/ece566-esa/tweakfs/example/rootdir/"
    lstat returned 0
    si:
    st_dev =  64768
    st_ino =  201774418
    st_mode = 0 40775
    st_nlink =  2
    st_uid =  1189417
    st_gid =  1005
    st_rdev =  0
    st_size =  23
    st_blksize =  4096
    st_blocks =  0
    st_atime = 0x 5d75d994
    st_mtime = 0x 5d75d994
    st_ctime = 0x 5d75d994

bb_getxattr(path = "/", name = "security.selinux", value = 0x38001df0, size = 255)
    bb_fullpath:  rootdir = "/home/pr109/ece566-esa/tweakfs/example/rootdir", path = "/", fpath = "/home/pr109/ece566-esa/tweakfs/example/rootdir/"
    lgetxattr returned -1
    ERROR lgetxattr: No data available

bb_getxattr(path = "/", name = "system.posix_acl_access", value = 0x00000000, size = 0)
    bb_fullpath:  rootdir = "/home/pr109/ece566-esa/tweakfs/example/rootdir", path = "/", fpath = "/home/pr109/ece566-esa/tweakfs/example/rootdir/"
    lgetxattr returned -1
    ERROR lgetxattr: No data available

bb_getxattr(path = "/", name = "system.posix_acl_default", value = 0x00000000, size = 0)
    bb_fullpath:  rootdir = "/home/pr109/ece566-esa/tweakfs/example/rootdir", path = "/", fpath = "/home/pr109/ece566-esa/tweakfs/example/rootdir/"
    lgetxattr returned -1
    ERROR lgetxattr: No data available

bb_opendir(path="/", fi=0x3e248c20)
    bb_fullpath:  rootdir = "/home/pr109/ece566-esa/tweakfs/example/rootdir", path = "/", fpath = "/home/pr109/ece566-esa/tweakfs/example/rootdir/"
    opendir returned 0x0x7fe130000ea0
    fi:
    flags = 0x 00018800
    fh_old = 0x 00000000
    writepage =  0
    direct_io =  0
    keep_cache =  0
    fh = 0x 00007fe130000ea0
    lock_owner = 0x 0000000000000000

bb_readdir(path="/", buf=0x30000e20, filler=0x3f266d00, offset=0, fi=0x3ea49c20)
    readdir returned 0x0x7fe130000ed0
calling filler with name .
calling filler with name ..
calling filler with name bogus.txt
calling filler for *buddy.txt*.
    fi:
    flags = 0x 00000000
    fh_old = 0x 7fe130000ea0
    writepage =  0
    direct_io =  0
    keep_cache =  0
    fh = 0x 00007fe130000ea0
    lock_owner = 0x 0000000000000000

bb_getattr(path="/", statbuf=0x3e248c00)
    bb_fullpath:  rootdir = "/home/pr109/ece566-esa/tweakfs/example/rootdir", path = "/", fpath = "/home/pr109/ece566-esa/tweakfs/example/rootdir/"
    lstat returned 0
    si:
    st_dev =  64768
    st_ino =  201774418
    st_mode = 0 40775
    st_nlink =  2
    st_uid =  1189417
    st_gid =  1005
    st_rdev =  0
    st_size =  23
    st_blksize =  4096
    st_blocks =  0
    st_atime = 0x 5d75d9ed
    st_mtime = 0x 5d75d994
    st_ctime = 0x 5d75d994

bb_getxattr(path = "/", name = "security.selinux", value = 0x38001df0, size = 255)
    bb_fullpath:  rootdir = "/home/pr109/ece566-esa/tweakfs/example/rootdir", path = "/", fpath = "/home/pr109/ece566-esa/tweakfs/example/rootdir/"
    lgetxattr returned -1
    ERROR lgetxattr: No data available

bb_getxattr(path = "/", name = "system.posix_acl_access", value = 0x00000000, size = 0)
    bb_fullpath:  rootdir = "/home/pr109/ece566-esa/tweakfs/example/rootdir", path = "/", fpath = "/home/pr109/ece566-esa/tweakfs/example/rootdir/"
    lgetxattr returned -1
    ERROR lgetxattr: No data available

bb_getxattr(path = "/", name = "system.posix_acl_default", value = 0x00000000, size = 0)
    bb_fullpath:  rootdir = "/home/pr109/ece566-esa/tweakfs/example/rootdir", path = "/", fpath = "/home/pr109/ece566-esa/tweakfs/example/rootdir/"
    lgetxattr returned -1
    ERROR lgetxattr: No data available

bb_getattr(path="/bogus.txt", statbuf=0x3e248c30)
    bb_fullpath:  rootdir = "/home/pr109/ece566-esa/tweakfs/example/rootdir", path = "/bogus.txt", fpath = "/home/pr109/ece566-esa/tweakfs/example/rootdir/bogus.txt"
    lstat returned 0
    si:
    st_dev =  64768
    st_ino =  201774419
    st_mode = 0 100664
    st_nlink =  1
    st_uid =  1189417
    st_gid =  1005
    st_rdev =  0
    st_size =  11
    st_blksize =  4096
    st_blocks =  8
    st_atime = 0x 5d75d994
    st_mtime = 0x 5d75d994
    st_ctime = 0x 5d75d994

bb_getxattr(path = "/bogus.txt", name = "security.selinux", value = 0x38001df0, size = 255)
    bb_fullpath:  rootdir = "/home/pr109/ece566-esa/tweakfs/example/rootdir", path = "/bogus.txt", fpath = "/home/pr109/ece566-esa/tweakfs/example/rootdir/bogus.txt"
    lgetxattr returned -1
    ERROR lgetxattr: No data available

bb_getxattr(path = "/bogus.txt", name = "system.posix_acl_access", value = 0x00000000, size = 0)
    bb_fullpath:  rootdir = "/home/pr109/ece566-esa/tweakfs/example/rootdir", path = "/bogus.txt", fpath = "/home/pr109/ece566-esa/tweakfs/example/rootdir/bogus.txt"
    lgetxattr returned -1
    ERROR lgetxattr: No data available
****** get_attr on buddy.txt *******
bb_getxattr(path = "/buddy.txt", name = "security.selinux", value = 0x30000bf0, size = 255)
    bb_fullpath:  rootdir = "/home/pr109/ece566-esa/tweakfs/example/rootdir", path = "/buddy.txt", fpath = "/home/pr109/ece566-esa/tweakfs/example/rootdir/buddy.txt"
    lgetxattr returned -1
    ERROR lgetxattr: No such file or directory

bb_releasedir(path="/", fi=0x3e248c30)
    fi:
    flags = 0x 00000000
    fh_old = 0x 7fe130000ea0
    writepage =  0
    direct_io =  0
    keep_cache =  0
    fh = 0x 00007fe130000ea0
    lock_owner = 0x 0000000000000000

bb_getattr(path="/", statbuf=0x3ea49c00)
    bb_fullpath:  rootdir = "/home/pr109/ece566-esa/tweakfs/example/rootdir", path = "/", fpath = "/home/pr109/ece566-esa/tweakfs/example/rootdir/"
    lstat returned 0
    si:
    st_dev =  64768
    st_ino =  201774418
    st_mode = 0 40775
    st_nlink =  2
    st_uid =  1189417
    st_gid =  1005
    st_rdev =  0
    st_size =  23
    st_blksize =  4096
    st_blocks =  0
    st_atime = 0x 5d75d9ed
    st_mtime = 0x 5d75d994
    st_ctime = 0x 5d75d994

bb_getattr(path="/somedir", statbuf=0x3e248c30)
    bb_fullpath:  rootdir = "/home/pr109/ece566-esa/tweakfs/example/rootdir", path = "/somedir", fpath = "/home/pr109/ece566-esa/tweakfs/example/rootdir/somedir"
    lstat returned -1
    ERROR lstat: No such file or directory
    si:
    st_dev =  0
    st_ino =  0
    st_mode = 0 0
    st_nlink =  0
    st_uid =  0
    st_gid =  0
    st_rdev =  0
    st_size =  0
    st_blksize =  0
    st_blocks =  0
    st_atime = 0x 00000000
    st_mtime = 0x 00000000
    st_ctime = 0x 00000000

bb_mkdir(path="/somedir", mode=0775)
    bb_fullpath:  rootdir = "/home/pr109/ece566-esa/tweakfs/example/rootdir", path = "/somedir", fpath = "/home/pr109/ece566-esa/tweakfs/example/rootdir/somedir"
    mkdir returned 0

bb_getattr(path="/somedir", statbuf=0x3ea49c30)
    bb_fullpath:  rootdir = "/home/pr109/ece566-esa/tweakfs/example/rootdir", path = "/somedir", fpath = "/home/pr109/ece566-esa/tweakfs/example/rootdir/somedir"
    lstat returned 0
    si:
    st_dev =  64768
    st_ino =  215264
    st_mode = 0 40775
    st_nlink =  2
    st_uid =  1189417
    st_gid =  1005
    st_rdev =  0
    st_size =  6
    st_blksize =  4096
    st_blocks =  0
    st_atime = 0x 5d75d9f9
    st_mtime = 0x 5d75d9f9
    st_ctime = 0x 5d75d9f9

bb_getattr(path="/", statbuf=0x3e248c00)
    bb_fullpath:  rootdir = "/home/pr109/ece566-esa/tweakfs/example/rootdir", path = "/", fpath = "/home/pr109/ece566-esa/tweakfs/example/rootdir/"
    lstat returned 0
    si:
    st_dev =  64768
    st_ino =  201774418
    st_mode = 0 40775
    st_nlink =  3
    st_uid =  1189417
    st_gid =  1005
    st_rdev =  0
    st_size =  38
    st_blksize =  4096
    st_blocks =  0
    st_atime = 0x 5d75d9ed
    st_mtime = 0x 5d75d9f9
    st_ctime = 0x 5d75d9f9

bb_getxattr(path = "/", name = "security.selinux", value = 0x38001df0, size = 255)
    bb_fullpath:  rootdir = "/home/pr109/ece566-esa/tweakfs/example/rootdir", path = "/", fpath = "/home/pr109/ece566-esa/tweakfs/example/rootdir/"
    lgetxattr returned -1
    ERROR lgetxattr: No data available

bb_getxattr(path = "/", name = "system.posix_acl_access", value = 0x00000000, size = 0)
    bb_fullpath:  rootdir = "/home/pr109/ece566-esa/tweakfs/example/rootdir", path = "/", fpath = "/home/pr109/ece566-esa/tweakfs/example/rootdir/"
    lgetxattr returned -1
    ERROR lgetxattr: No data available

bb_getxattr(path = "/", name = "system.posix_acl_default", value = 0x00000000, size = 0)
    bb_fullpath:  rootdir = "/home/pr109/ece566-esa/tweakfs/example/rootdir", path = "/", fpath = "/home/pr109/ece566-esa/tweakfs/example/rootdir/"
    lgetxattr returned -1
    ERROR lgetxattr: No data available

bb_opendir(path="/", fi=0x3e248c20)
    bb_fullpath:  rootdir = "/home/pr109/ece566-esa/tweakfs/example/rootdir", path = "/", fpath = "/home/pr109/ece566-esa/tweakfs/example/rootdir/"
    opendir returned 0x0x7fe1300092c0
    fi:
    flags = 0x 00018800
    fh_old = 0x 00000000
    writepage =  0
    direct_io =  0
    keep_cache =  0
    fh = 0x 00007fe1300092c0
    lock_owner = 0x 0000000000000000

bb_readdir(path="/", buf=0x30000ea0, filler=0x3f266d00, offset=0, fi=0x3ea49c20)
    readdir returned 0x0x7fe1300092f0
calling filler with name .
calling filler with name ..
calling filler with name bogus.txt
calling filler with name somedir
calling filler for *buddy.txt*.
    fi:
    flags = 0x 00000000
    fh_old = 0x 7fe1300092c0
    writepage =  0
    direct_io =  0
    keep_cache =  0
    fh = 0x 00007fe1300092c0
    lock_owner = 0x 0000000000000000

bb_getattr(path="/", statbuf=0x3e248c00)
    bb_fullpath:  rootdir = "/home/pr109/ece566-esa/tweakfs/example/rootdir", path = "/", fpath = "/home/pr109/ece566-esa/tweakfs/example/rootdir/"
    lstat returned 0
    si:
    st_dev =  64768
    st_ino =  201774418
    st_mode = 0 40775
    st_nlink =  3
    st_uid =  1189417
    st_gid =  1005
    st_rdev =  0
    st_size =  38
    st_blksize =  4096
    st_blocks =  0
    st_atime = 0x 5d75d9fb
    st_mtime = 0x 5d75d9f9
    st_ctime = 0x 5d75d9f9

bb_getxattr(path = "/", name = "security.selinux", value = 0x38001df0, size = 255)
    bb_fullpath:  rootdir = "/home/pr109/ece566-esa/tweakfs/example/rootdir", path = "/", fpath = "/home/pr109/ece566-esa/tweakfs/example/rootdir/"
    lgetxattr returned -1
    ERROR lgetxattr: No data available

bb_getxattr(path = "/", name = "system.posix_acl_access", value = 0x00000000, size = 0)
    bb_fullpath:  rootdir = "/home/pr109/ece566-esa/tweakfs/example/rootdir", path = "/", fpath = "/home/pr109/ece566-esa/tweakfs/example/rootdir/"
    lgetxattr returned -1
    ERROR lgetxattr: No data available

bb_getxattr(path = "/", name = "system.posix_acl_default", value = 0x00000000, size = 0)
    bb_fullpath:  rootdir = "/home/pr109/ece566-esa/tweakfs/example/rootdir", path = "/", fpath = "/home/pr109/ece566-esa/tweakfs/example/rootdir/"
    lgetxattr returned -1
    ERROR lgetxattr: No data available

bb_getattr(path="/bogus.txt", statbuf=0x3e248c30)
    bb_fullpath:  rootdir = "/home/pr109/ece566-esa/tweakfs/example/rootdir", path = "/bogus.txt", fpath = "/home/pr109/ece566-esa/tweakfs/example/rootdir/bogus.txt"
    lstat returned 0
    si:
    st_dev =  64768
    st_ino =  201774419
    st_mode = 0 100664
    st_nlink =  1
    st_uid =  1189417
    st_gid =  1005
    st_rdev =  0
    st_size =  11
    st_blksize =  4096
    st_blocks =  8
    st_atime = 0x 5d75d994
    st_mtime = 0x 5d75d994
    st_ctime = 0x 5d75d994

bb_getxattr(path = "/bogus.txt", name = "security.selinux", value = 0x38001df0, size = 255)
    bb_fullpath:  rootdir = "/home/pr109/ece566-esa/tweakfs/example/rootdir", path = "/bogus.txt", fpath = "/home/pr109/ece566-esa/tweakfs/example/rootdir/bogus.txt"
    lgetxattr returned -1
    ERROR lgetxattr: No data available

bb_getxattr(path = "/bogus.txt", name = "system.posix_acl_access", value = 0x00000000, size = 0)
    bb_fullpath:  rootdir = "/home/pr109/ece566-esa/tweakfs/example/rootdir", path = "/bogus.txt", fpath = "/home/pr109/ece566-esa/tweakfs/example/rootdir/bogus.txt"
    lgetxattr returned -1
    ERROR lgetxattr: No data available

bb_getattr(path="/somedir", statbuf=0x3ea49c30)
    bb_fullpath:  rootdir = "/home/pr109/ece566-esa/tweakfs/example/rootdir", path = "/somedir", fpath = "/home/pr109/ece566-esa/tweakfs/example/rootdir/somedir"
    lstat returned 0
    si:
    st_dev =  64768
    st_ino =  215264
    st_mode = 0 40775
    st_nlink =  2
    st_uid =  1189417
    st_gid =  1005
    st_rdev =  0
    st_size =  6
    st_blksize =  4096
    st_blocks =  0
    st_atime = 0x 5d75d9f9
    st_mtime = 0x 5d75d9f9
    st_ctime = 0x 5d75d9f9

bb_getxattr(path = "/somedir", name = "security.selinux", value = 0x30000bf0, size = 255)
    bb_fullpath:  rootdir = "/home/pr109/ece566-esa/tweakfs/example/rootdir", path = "/somedir", fpath = "/home/pr109/ece566-esa/tweakfs/example/rootdir/somedir"
    lgetxattr returned -1
    ERROR lgetxattr: No data available

bb_getxattr(path = "/somedir", name = "system.posix_acl_access", value = 0x00000000, size = 0)
    bb_fullpath:  rootdir = "/home/pr109/ece566-esa/tweakfs/example/rootdir", path = "/somedir", fpath = "/home/pr109/ece566-esa/tweakfs/example/rootdir/somedir"
    lgetxattr returned -1
    ERROR lgetxattr: No data available

bb_getxattr(path = "/somedir", name = "system.posix_acl_default", value = 0x00000000, size = 0)
    bb_fullpath:  rootdir = "/home/pr109/ece566-esa/tweakfs/example/rootdir", path = "/somedir", fpath = "/home/pr109/ece566-esa/tweakfs/example/rootdir/somedir"
    lgetxattr returned -1
    ERROR lgetxattr: No data available
****** get_attr on buddy.txt *******
bb_getxattr(path = "/buddy.txt", name = "security.selinux", value = 0x30000bf0, size = 255)
    bb_fullpath:  rootdir = "/home/pr109/ece566-esa/tweakfs/example/rootdir", path = "/buddy.txt", fpath = "/home/pr109/ece566-esa/tweakfs/example/rootdir/buddy.txt"
    lgetxattr returned -1
    ERROR lgetxattr: No such file or directory

bb_releasedir(path="/", fi=0x3e248c30)
    fi:
    flags = 0x 00000000
    fh_old = 0x 7fe1300092c0
    writepage =  0
    direct_io =  0
    keep_cache =  0
    fh = 0x 00007fe1300092c0
    lock_owner = 0x 0000000000000000

bb_opendir(path="/somedir", fi=0x3ea49c20)
    bb_fullpath:  rootdir = "/home/pr109/ece566-esa/tweakfs/example/rootdir", path = "/somedir", fpath = "/home/pr109/ece566-esa/tweakfs/example/rootdir/somedir"
    opendir returned 0x0x7fe138002c10
    fi:
    flags = 0x 00018800
    fh_old = 0x 00000000
    writepage =  0
    direct_io =  0
    keep_cache =  0
    fh = 0x 00007fe138002c10
    lock_owner = 0x 0000000000000000

bb_readdir(path="/somedir", buf=0x38002b90, filler=0x3f266d00, offset=0, fi=0x3e248c20)
    readdir returned 0x0x7fe138002c40
calling filler with name .
calling filler with name ..
calling filler for *buddy.txt*.
    fi:
    flags = 0x 00000000
    fh_old = 0x 7fe138002c10
    writepage =  0
    direct_io =  0
    keep_cache =  0
    fh = 0x 00007fe138002c10
    lock_owner = 0x 0000000000000000

bb_getattr(path="/somedir", statbuf=0x3ea49c00)
    bb_fullpath:  rootdir = "/home/pr109/ece566-esa/tweakfs/example/rootdir", path = "/somedir", fpath = "/home/pr109/ece566-esa/tweakfs/example/rootdir/somedir"
    lstat returned 0
    si:
    st_dev =  64768
    st_ino =  215264
    st_mode = 0 40775
    st_nlink =  2
    st_uid =  1189417
    st_gid =  1005
    st_rdev =  0
    st_size =  6
    st_blksize =  4096
    st_blocks =  0
    st_atime = 0x 5d75d9fb
    st_mtime = 0x 5d75d9f9
    st_ctime = 0x 5d75d9f9

bb_getxattr(path = "/somedir", name = "security.selinux", value = 0x30000bf0, size = 255)
    bb_fullpath:  rootdir = "/home/pr109/ece566-esa/tweakfs/example/rootdir", path = "/somedir", fpath = "/home/pr109/ece566-esa/tweakfs/example/rootdir/somedir"
    lgetxattr returned -1
    ERROR lgetxattr: No data available

bb_getxattr(path = "/somedir", name = "system.posix_acl_access", value = 0x00000000, size = 0)
    bb_fullpath:  rootdir = "/home/pr109/ece566-esa/tweakfs/example/rootdir", path = "/somedir", fpath = "/home/pr109/ece566-esa/tweakfs/example/rootdir/somedir"
    lgetxattr returned -1
    ERROR lgetxattr: No data available

bb_getxattr(path = "/somedir", name = "system.posix_acl_default", value = 0x00000000, size = 0)
    bb_fullpath:  rootdir = "/home/pr109/ece566-esa/tweakfs/example/rootdir", path = "/somedir", fpath = "/home/pr109/ece566-esa/tweakfs/example/rootdir/somedir"
    lgetxattr returned -1
    ERROR lgetxattr: No data available

bb_getattr(path="/", statbuf=0x3ea49c00)
    bb_fullpath:  rootdir = "/home/pr109/ece566-esa/tweakfs/example/rootdir", path = "/", fpath = "/home/pr109/ece566-esa/tweakfs/example/rootdir/"
    lstat returned 0
    si:
    st_dev =  64768
    st_ino =  201774418
    st_mode = 0 40775
    st_nlink =  3
    st_uid =  1189417
    st_gid =  1005
    st_rdev =  0
    st_size =  38
    st_blksize =  4096
    st_blocks =  0
    st_atime = 0x 5d75d9fb
    st_mtime = 0x 5d75d9f9
    st_ctime = 0x 5d75d9f9

bb_getxattr(path = "/", name = "security.selinux", value = 0x30000bf0, size = 255)
    bb_fullpath:  rootdir = "/home/pr109/ece566-esa/tweakfs/example/rootdir", path = "/", fpath = "/home/pr109/ece566-esa/tweakfs/example/rootdir/"
    lgetxattr returned -1
    ERROR lgetxattr: No data available

bb_getxattr(path = "/", name = "system.posix_acl_access", value = 0x00000000, size = 0)
    bb_fullpath:  rootdir = "/home/pr109/ece566-esa/tweakfs/example/rootdir", path = "/", fpath = "/home/pr109/ece566-esa/tweakfs/example/rootdir/"
    lgetxattr returned -1
    ERROR lgetxattr: No data available

bb_getxattr(path = "/", name = "system.posix_acl_default", value = 0x00000000, size = 0)
    bb_fullpath:  rootdir = "/home/pr109/ece566-esa/tweakfs/example/rootdir", path = "/", fpath = "/home/pr109/ece566-esa/tweakfs/example/rootdir/"
    lgetxattr returned -1
    ERROR lgetxattr: No data available
****** get_attr on buddy.txt *******
bb_getxattr(path = "/somedir/buddy.txt", name = "security.selinux", value = 0x30000bf0, size = 255)
    bb_fullpath:  rootdir = "/home/pr109/ece566-esa/tweakfs/example/rootdir", path = "/somedir/buddy.txt", fpath = "/home/pr109/ece566-esa/tweakfs/example/rootdir/somedir/buddy.txt"
    lgetxattr returned -1
    ERROR lgetxattr: No such file or directory

bb_releasedir(path="/somedir", fi=0x3e248c30)
    fi:
    flags = 0x 00000000
    fh_old = 0x 7fe138002c10
    writepage =  0
    direct_io =  0
    keep_cache =  0
    fh = 0x 00007fe138002c10
    lock_owner = 0x 0000000000000000

bb_getattr(path="/", statbuf=0x3ea49c00)
    bb_fullpath:  rootdir = "/home/pr109/ece566-esa/tweakfs/example/rootdir", path = "/", fpath = "/home/pr109/ece566-esa/tweakfs/example/rootdir/"
    lstat returned 0
    si:
    st_dev =  64768
    st_ino =  201774418
    st_mode = 0 40775
    st_nlink =  3
    st_uid =  1189417
    st_gid =  1005
    st_rdev =  0
    st_size =  38
    st_blksize =  4096
    st_blocks =  0
    st_atime = 0x 5d75d9fb
    st_mtime = 0x 5d75d9f9
    st_ctime = 0x 5d75d9f9

bb_getxattr(path = "/", name = "security.selinux", value = 0x30000bf0, size = 255)
    bb_fullpath:  rootdir = "/home/pr109/ece566-esa/tweakfs/example/rootdir", path = "/", fpath = "/home/pr109/ece566-esa/tweakfs/example/rootdir/"
    lgetxattr returned -1
    ERROR lgetxattr: No data available

bb_getxattr(path = "/", name = "system.posix_acl_access", value = 0x00000000, size = 0)
    bb_fullpath:  rootdir = "/home/pr109/ece566-esa/tweakfs/example/rootdir", path = "/", fpath = "/home/pr109/ece566-esa/tweakfs/example/rootdir/"
    lgetxattr returned -1
    ERROR lgetxattr: No data available

bb_getxattr(path = "/", name = "system.posix_acl_default", value = 0x00000000, size = 0)
    bb_fullpath:  rootdir = "/home/pr109/ece566-esa/tweakfs/example/rootdir", path = "/", fpath = "/home/pr109/ece566-esa/tweakfs/example/rootdir/"
    lgetxattr returned -1
    ERROR lgetxattr: No data available

bb_opendir(path="/", fi=0x3ea49c20)
    bb_fullpath:  rootdir = "/home/pr109/ece566-esa/tweakfs/example/rootdir", path = "/", fpath = "/home/pr109/ece566-esa/tweakfs/example/rootdir/"
    opendir returned 0x0x7fe138002c90
    fi:
    flags = 0x 00018800
    fh_old = 0x 00000000
    writepage =  0
    direct_io =  0
    keep_cache =  0
    fh = 0x 00007fe138002c90
    lock_owner = 0x 0000000000000000

bb_readdir(path="/", buf=0x38002c10, filler=0x3f266d00, offset=0, fi=0x3e248c20)
    readdir returned 0x0x7fe138002cc0
calling filler with name .
calling filler with name ..
calling filler with name bogus.txt
calling filler with name somedir
calling filler for *buddy.txt*.
    fi:
    flags = 0x 00000000
    fh_old = 0x 7fe138002c90
    writepage =  0
    direct_io =  0
    keep_cache =  0
    fh = 0x 00007fe138002c90
    lock_owner = 0x 0000000000000000

bb_getattr(path="/", statbuf=0x3ea49c00)
    bb_fullpath:  rootdir = "/home/pr109/ece566-esa/tweakfs/example/rootdir", path = "/", fpath = "/home/pr109/ece566-esa/tweakfs/example/rootdir/"
    lstat returned 0
    si:
    st_dev =  64768
    st_ino =  201774418
    st_mode = 0 40775
    st_nlink =  3
    st_uid =  1189417
    st_gid =  1005
    st_rdev =  0
    st_size =  38
    st_blksize =  4096
    st_blocks =  0
    st_atime = 0x 5d75d9fb
    st_mtime = 0x 5d75d9f9
    st_ctime = 0x 5d75d9f9

bb_getxattr(path = "/", name = "security.selinux", value = 0x30000bf0, size = 255)
    bb_fullpath:  rootdir = "/home/pr109/ece566-esa/tweakfs/example/rootdir", path = "/", fpath = "/home/pr109/ece566-esa/tweakfs/example/rootdir/"
    lgetxattr returned -1
    ERROR lgetxattr: No data available

bb_getxattr(path = "/", name = "system.posix_acl_access", value = 0x00000000, size = 0)
    bb_fullpath:  rootdir = "/home/pr109/ece566-esa/tweakfs/example/rootdir", path = "/", fpath = "/home/pr109/ece566-esa/tweakfs/example/rootdir/"
    lgetxattr returned -1
    ERROR lgetxattr: No data available

bb_getxattr(path = "/", name = "system.posix_acl_default", value = 0x00000000, size = 0)
    bb_fullpath:  rootdir = "/home/pr109/ece566-esa/tweakfs/example/rootdir", path = "/", fpath = "/home/pr109/ece566-esa/tweakfs/example/rootdir/"
    lgetxattr returned -1
    ERROR lgetxattr: No data available

bb_getattr(path="/bogus.txt", statbuf=0x3ea49c30)
    bb_fullpath:  rootdir = "/home/pr109/ece566-esa/tweakfs/example/rootdir", path = "/bogus.txt", fpath = "/home/pr109/ece566-esa/tweakfs/example/rootdir/bogus.txt"
    lstat returned 0
    si:
    st_dev =  64768
    st_ino =  201774419
    st_mode = 0 100664
    st_nlink =  1
    st_uid =  1189417
    st_gid =  1005
    st_rdev =  0
    st_size =  11
    st_blksize =  4096
    st_blocks =  8
    st_atime = 0x 5d75d994
    st_mtime = 0x 5d75d994
    st_ctime = 0x 5d75d994

bb_getxattr(path = "/bogus.txt", name = "security.selinux", value = 0x30000bf0, size = 255)
    bb_fullpath:  rootdir = "/home/pr109/ece566-esa/tweakfs/example/rootdir", path = "/bogus.txt", fpath = "/home/pr109/ece566-esa/tweakfs/example/rootdir/bogus.txt"
    lgetxattr returned -1
    ERROR lgetxattr: No data available

bb_getxattr(path = "/bogus.txt", name = "system.posix_acl_access", value = 0x00000000, size = 0)
    bb_fullpath:  rootdir = "/home/pr109/ece566-esa/tweakfs/example/rootdir", path = "/bogus.txt", fpath = "/home/pr109/ece566-esa/tweakfs/example/rootdir/bogus.txt"
    lgetxattr returned -1
    ERROR lgetxattr: No data available

bb_getattr(path="/somedir", statbuf=0x3e248c30)
    bb_fullpath:  rootdir = "/home/pr109/ece566-esa/tweakfs/example/rootdir", path = "/somedir", fpath = "/home/pr109/ece566-esa/tweakfs/example/rootdir/somedir"
    lstat returned 0
    si:
    st_dev =  64768
    st_ino =  215264
    st_mode = 0 40775
    st_nlink =  2
    st_uid =  1189417
    st_gid =  1005
    st_rdev =  0
    st_size =  6
    st_blksize =  4096
    st_blocks =  0
    st_atime = 0x 5d75d9fb
    st_mtime = 0x 5d75d9f9
    st_ctime = 0x 5d75d9f9

bb_getxattr(path = "/somedir", name = "security.selinux", value = 0x38001df0, size = 255)
    bb_fullpath:  rootdir = "/home/pr109/ece566-esa/tweakfs/example/rootdir", path = "/somedir", fpath = "/home/pr109/ece566-esa/tweakfs/example/rootdir/somedir"
    lgetxattr returned -1
    ERROR lgetxattr: No data available

bb_getxattr(path = "/somedir", name = "system.posix_acl_access", value = 0x00000000, size = 0)
    bb_fullpath:  rootdir = "/home/pr109/ece566-esa/tweakfs/example/rootdir", path = "/somedir", fpath = "/home/pr109/ece566-esa/tweakfs/example/rootdir/somedir"
    lgetxattr returned -1
    ERROR lgetxattr: No data available

bb_getxattr(path = "/somedir", name = "system.posix_acl_default", value = 0x00000000, size = 0)
    bb_fullpath:  rootdir = "/home/pr109/ece566-esa/tweakfs/example/rootdir", path = "/somedir", fpath = "/home/pr109/ece566-esa/tweakfs/example/rootdir/somedir"
    lgetxattr returned -1
    ERROR lgetxattr: No data available
****** get_attr on buddy.txt *******
bb_getxattr(path = "/buddy.txt", name = "security.selinux", value = 0x38001df0, size = 255)
    bb_fullpath:  rootdir = "/home/pr109/ece566-esa/tweakfs/example/rootdir", path = "/buddy.txt", fpath = "/home/pr109/ece566-esa/tweakfs/example/rootdir/buddy.txt"
    lgetxattr returned -1
    ERROR lgetxattr: No such file or directory

bb_releasedir(path="/", fi=0x3ea49c30)
    fi:
    flags = 0x 00000000
    fh_old = 0x 7fe138002c90
    writepage =  0
    direct_io =  0
    keep_cache =  0
    fh = 0x 00007fe138002c90
    lock_owner = 0x 0000000000000000

bb_opendir(path="/somedir", fi=0x3e248c20)
    bb_fullpath:  rootdir = "/home/pr109/ece566-esa/tweakfs/example/rootdir", path = "/somedir", fpath = "/home/pr109/ece566-esa/tweakfs/example/rootdir/somedir"
    opendir returned 0x0x7fe1300092c0
    fi:
    flags = 0x 00018800
    fh_old = 0x 00000000
    writepage =  0
    direct_io =  0
    keep_cache =  0
    fh = 0x 00007fe1300092c0
    lock_owner = 0x 0000000000000000

bb_readdir(path="/somedir", buf=0x30000f20, filler=0x3f266d00, offset=0, fi=0x3ea49c20)
    readdir returned 0x0x7fe1300092f0
calling filler with name .
calling filler with name ..
calling filler for *buddy.txt*.
    fi:
    flags = 0x 00000000
    fh_old = 0x 7fe1300092c0
    writepage =  0
    direct_io =  0
    keep_cache =  0
    fh = 0x 00007fe1300092c0
    lock_owner = 0x 0000000000000000

bb_getattr(path="/somedir", statbuf=0x3e248c00)
    bb_fullpath:  rootdir = "/home/pr109/ece566-esa/tweakfs/example/rootdir", path = "/somedir", fpath = "/home/pr109/ece566-esa/tweakfs/example/rootdir/somedir"
    lstat returned 0
    si:
    st_dev =  64768
    st_ino =  215264
    st_mode = 0 40775
    st_nlink =  2
    st_uid =  1189417
    st_gid =  1005
    st_rdev =  0
    st_size =  6
    st_blksize =  4096
    st_blocks =  0
    st_atime = 0x 5d75d9fb
    st_mtime = 0x 5d75d9f9
    st_ctime = 0x 5d75d9f9

bb_getxattr(path = "/somedir", name = "security.selinux", value = 0x38001df0, size = 255)
    bb_fullpath:  rootdir = "/home/pr109/ece566-esa/tweakfs/example/rootdir", path = "/somedir", fpath = "/home/pr109/ece566-esa/tweakfs/example/rootdir/somedir"
    lgetxattr returned -1
    ERROR lgetxattr: No data available

bb_getxattr(path = "/somedir", name = "system.posix_acl_access", value = 0x00000000, size = 0)
    bb_fullpath:  rootdir = "/home/pr109/ece566-esa/tweakfs/example/rootdir", path = "/somedir", fpath = "/home/pr109/ece566-esa/tweakfs/example/rootdir/somedir"
    lgetxattr returned -1
    ERROR lgetxattr: No data available

bb_getxattr(path = "/somedir", name = "system.posix_acl_default", value = 0x00000000, size = 0)
    bb_fullpath:  rootdir = "/home/pr109/ece566-esa/tweakfs/example/rootdir", path = "/somedir", fpath = "/home/pr109/ece566-esa/tweakfs/example/rootdir/somedir"
    lgetxattr returned -1
    ERROR lgetxattr: No data available

bb_getattr(path="/", statbuf=0x3e248c00)
    bb_fullpath:  rootdir = "/home/pr109/ece566-esa/tweakfs/example/rootdir", path = "/", fpath = "/home/pr109/ece566-esa/tweakfs/example/rootdir/"
    lstat returned 0
    si:
    st_dev =  64768
    st_ino =  201774418
    st_mode = 0 40775
    st_nlink =  3
    st_uid =  1189417
    st_gid =  1005
    st_rdev =  0
    st_size =  38
    st_blksize =  4096
    st_blocks =  0
    st_atime = 0x 5d75d9fb
    st_mtime = 0x 5d75d9f9
    st_ctime = 0x 5d75d9f9

bb_getxattr(path = "/", name = "security.selinux", value = 0x38001df0, size = 255)
    bb_fullpath:  rootdir = "/home/pr109/ece566-esa/tweakfs/example/rootdir", path = "/", fpath = "/home/pr109/ece566-esa/tweakfs/example/rootdir/"
    lgetxattr returned -1
    ERROR lgetxattr: No data available

bb_getxattr(path = "/", name = "system.posix_acl_access", value = 0x00000000, size = 0)
    bb_fullpath:  rootdir = "/home/pr109/ece566-esa/tweakfs/example/rootdir", path = "/", fpath = "/home/pr109/ece566-esa/tweakfs/example/rootdir/"
    lgetxattr returned -1
    ERROR lgetxattr: No data available

bb_getxattr(path = "/", name = "system.posix_acl_default", value = 0x00000000, size = 0)
    bb_fullpath:  rootdir = "/home/pr109/ece566-esa/tweakfs/example/rootdir", path = "/", fpath = "/home/pr109/ece566-esa/tweakfs/example/rootdir/"
    lgetxattr returned -1
    ERROR lgetxattr: No data available
****** get_attr on buddy.txt *******
bb_getxattr(path = "/somedir/buddy.txt", name = "security.selinux", value = 0x38001df0, size = 255)
    bb_fullpath:  rootdir = "/home/pr109/ece566-esa/tweakfs/example/rootdir", path = "/somedir/buddy.txt", fpath = "/home/pr109/ece566-esa/tweakfs/example/rootdir/somedir/buddy.txt"
    lgetxattr returned -1
    ERROR lgetxattr: No such file or directory

bb_releasedir(path="/somedir", fi=0x3ea49c30)
    fi:
    flags = 0x 00000000
    fh_old = 0x 7fe1300092c0
    writepage =  0
    direct_io =  0
    keep_cache =  0
    fh = 0x 00007fe1300092c0
    lock_owner = 0x 0000000000000000

bb_getattr(path="/", statbuf=0x3e248c00)
    bb_fullpath:  rootdir = "/home/pr109/ece566-esa/tweakfs/example/rootdir", path = "/", fpath = "/home/pr109/ece566-esa/tweakfs/example/rootdir/"
    lstat returned 0
    si:
    st_dev =  64768
    st_ino =  201774418
    st_mode = 0 40775
    st_nlink =  3
    st_uid =  1189417
    st_gid =  1005
    st_rdev =  0
    st_size =  38
    st_blksize =  4096
    st_blocks =  0
    st_atime = 0x 5d75d9fb
    st_mtime = 0x 5d75d9f9
    st_ctime = 0x 5d75d9f9
#### Secret filename: /secret.

bb_mknod(path="/secret", mode=0100664, dev=0)
    bb_fullpath:  rootdir = "/home/pr109/ece566-esa/tweakfs/example/rootdir", path = "/secret", fpath = "/home/pr109/ece566-esa/tweakfs/example/rootdir/secret"
    open returned 5
    close returned 0
#### Secret filename: /secret.

bb_getattr(path="/", statbuf=0x3e248c00)
    bb_fullpath:  rootdir = "/home/pr109/ece566-esa/tweakfs/example/rootdir", path = "/", fpath = "/home/pr109/ece566-esa/tweakfs/example/rootdir/"
    lstat returned 0
    si:
    st_dev =  64768
    st_ino =  201774418
    st_mode = 0 40775
    st_nlink =  3
    st_uid =  1189417
    st_gid =  1005
    st_rdev =  0
    st_size =  52
    st_blksize =  4096
    st_blocks =  0
    st_atime = 0x 5d75d9fb
    st_mtime = 0x 5d75daaa
    st_ctime = 0x 5d75daaa

bb_getxattr(path = "/", name = "security.selinux", value = 0x38001df0, size = 255)
    bb_fullpath:  rootdir = "/home/pr109/ece566-esa/tweakfs/example/rootdir", path = "/", fpath = "/home/pr109/ece566-esa/tweakfs/example/rootdir/"
    lgetxattr returned -1
    ERROR lgetxattr: No data available

bb_getxattr(path = "/", name = "system.posix_acl_access", value = 0x00000000, size = 0)
    bb_fullpath:  rootdir = "/home/pr109/ece566-esa/tweakfs/example/rootdir", path = "/", fpath = "/home/pr109/ece566-esa/tweakfs/example/rootdir/"
    lgetxattr returned -1
    ERROR lgetxattr: No data available

bb_getxattr(path = "/", name = "system.posix_acl_default", value = 0x00000000, size = 0)
    bb_fullpath:  rootdir = "/home/pr109/ece566-esa/tweakfs/example/rootdir", path = "/", fpath = "/home/pr109/ece566-esa/tweakfs/example/rootdir/"
    lgetxattr returned -1
    ERROR lgetxattr: No data available

bb_opendir(path="/", fi=0x3e248c20)
    bb_fullpath:  rootdir = "/home/pr109/ece566-esa/tweakfs/example/rootdir", path = "/", fpath = "/home/pr109/ece566-esa/tweakfs/example/rootdir/"
    opendir returned 0x0x7fe1300092c0
    fi:
    flags = 0x 00018800
    fh_old = 0x 00000000
    writepage =  0
    direct_io =  0
    keep_cache =  0
    fh = 0x 00007fe1300092c0
    lock_owner = 0x 0000000000000000

bb_readdir(path="/", buf=0x30000fa0, filler=0x3f266d00, offset=0, fi=0x3ea49c20)
    readdir returned 0x0x7fe1300092f0
calling filler with name .
calling filler with name ..
calling filler with name bogus.txt
calling filler with name somedir
#### Secret filename: secret.
calling filler for *buddy.txt*.
    fi:
    flags = 0x 00000000
    fh_old = 0x 7fe1300092c0
    writepage =  0
    direct_io =  0
    keep_cache =  0
    fh = 0x 00007fe1300092c0
    lock_owner = 0x 0000000000000000

bb_getattr(path="/", statbuf=0x3e248c00)
    bb_fullpath:  rootdir = "/home/pr109/ece566-esa/tweakfs/example/rootdir", path = "/", fpath = "/home/pr109/ece566-esa/tweakfs/example/rootdir/"
    lstat returned 0
    si:
    st_dev =  64768
    st_ino =  201774418
    st_mode = 0 40775
    st_nlink =  3
    st_uid =  1189417
    st_gid =  1005
    st_rdev =  0
    st_size =  52
    st_blksize =  4096
    st_blocks =  0
    st_atime = 0x 5d75dac2
    st_mtime = 0x 5d75daaa
    st_ctime = 0x 5d75daaa

bb_getxattr(path = "/", name = "security.selinux", value = 0x38001df0, size = 255)
    bb_fullpath:  rootdir = "/home/pr109/ece566-esa/tweakfs/example/rootdir", path = "/", fpath = "/home/pr109/ece566-esa/tweakfs/example/rootdir/"
    lgetxattr returned -1
    ERROR lgetxattr: No data available

bb_getxattr(path = "/", name = "system.posix_acl_access", value = 0x00000000, size = 0)
    bb_fullpath:  rootdir = "/home/pr109/ece566-esa/tweakfs/example/rootdir", path = "/", fpath = "/home/pr109/ece566-esa/tweakfs/example/rootdir/"
    lgetxattr returned -1
    ERROR lgetxattr: No data available

bb_getxattr(path = "/", name = "system.posix_acl_default", value = 0x00000000, size = 0)
    bb_fullpath:  rootdir = "/home/pr109/ece566-esa/tweakfs/example/rootdir", path = "/", fpath = "/home/pr109/ece566-esa/tweakfs/example/rootdir/"
    lgetxattr returned -1
    ERROR lgetxattr: No data available

bb_getattr(path="/bogus.txt", statbuf=0x3e248c30)
    bb_fullpath:  rootdir = "/home/pr109/ece566-esa/tweakfs/example/rootdir", path = "/bogus.txt", fpath = "/home/pr109/ece566-esa/tweakfs/example/rootdir/bogus.txt"
    lstat returned 0
    si:
    st_dev =  64768
    st_ino =  201774419
    st_mode = 0 100664
    st_nlink =  1
    st_uid =  1189417
    st_gid =  1005
    st_rdev =  0
    st_size =  11
    st_blksize =  4096
    st_blocks =  8
    st_atime = 0x 5d75d994
    st_mtime = 0x 5d75d994
    st_ctime = 0x 5d75d994

bb_getxattr(path = "/bogus.txt", name = "security.selinux", value = 0x38001df0, size = 255)
    bb_fullpath:  rootdir = "/home/pr109/ece566-esa/tweakfs/example/rootdir", path = "/bogus.txt", fpath = "/home/pr109/ece566-esa/tweakfs/example/rootdir/bogus.txt"
    lgetxattr returned -1
    ERROR lgetxattr: No data available

bb_getxattr(path = "/bogus.txt", name = "system.posix_acl_access", value = 0x00000000, size = 0)
    bb_fullpath:  rootdir = "/home/pr109/ece566-esa/tweakfs/example/rootdir", path = "/bogus.txt", fpath = "/home/pr109/ece566-esa/tweakfs/example/rootdir/bogus.txt"
    lgetxattr returned -1
    ERROR lgetxattr: No data available

bb_getattr(path="/somedir", statbuf=0x3ea49c30)
    bb_fullpath:  rootdir = "/home/pr109/ece566-esa/tweakfs/example/rootdir", path = "/somedir", fpath = "/home/pr109/ece566-esa/tweakfs/example/rootdir/somedir"
    lstat returned 0
    si:
    st_dev =  64768
    st_ino =  215264
    st_mode = 0 40775
    st_nlink =  2
    st_uid =  1189417
    st_gid =  1005
    st_rdev =  0
    st_size =  6
    st_blksize =  4096
    st_blocks =  0
    st_atime = 0x 5d75d9fb
    st_mtime = 0x 5d75d9f9
    st_ctime = 0x 5d75d9f9

bb_getxattr(path = "/somedir", name = "security.selinux", value = 0x30000bf0, size = 255)
    bb_fullpath:  rootdir = "/home/pr109/ece566-esa/tweakfs/example/rootdir", path = "/somedir", fpath = "/home/pr109/ece566-esa/tweakfs/example/rootdir/somedir"
    lgetxattr returned -1
    ERROR lgetxattr: No data available

bb_getxattr(path = "/somedir", name = "system.posix_acl_access", value = 0x00000000, size = 0)
    bb_fullpath:  rootdir = "/home/pr109/ece566-esa/tweakfs/example/rootdir", path = "/somedir", fpath = "/home/pr109/ece566-esa/tweakfs/example/rootdir/somedir"
    lgetxattr returned -1
    ERROR lgetxattr: No data available

bb_getxattr(path = "/somedir", name = "system.posix_acl_default", value = 0x00000000, size = 0)
    bb_fullpath:  rootdir = "/home/pr109/ece566-esa/tweakfs/example/rootdir", path = "/somedir", fpath = "/home/pr109/ece566-esa/tweakfs/example/rootdir/somedir"
    lgetxattr returned -1
    ERROR lgetxattr: No data available
****** get_attr on buddy.txt *******
bb_getxattr(path = "/buddy.txt", name = "security.selinux", value = 0x30000bf0, size = 255)
    bb_fullpath:  rootdir = "/home/pr109/ece566-esa/tweakfs/example/rootdir", path = "/buddy.txt", fpath = "/home/pr109/ece566-esa/tweakfs/example/rootdir/buddy.txt"
    lgetxattr returned -1
    ERROR lgetxattr: No such file or directory

bb_releasedir(path="/", fi=0x3e248c30)
    fi:
    flags = 0x 00000000
    fh_old = 0x 7fe1300092c0
    writepage =  0
    direct_io =  0
    keep_cache =  0
    fh = 0x 00007fe1300092c0
    lock_owner = 0x 0000000000000000

bb_opendir(path="/somedir", fi=0x3ea49c20)
    bb_fullpath:  rootdir = "/home/pr109/ece566-esa/tweakfs/example/rootdir", path = "/somedir", fpath = "/home/pr109/ece566-esa/tweakfs/example/rootdir/somedir"
    opendir returned 0x0x7fe138002ec0
    fi:
    flags = 0x 00018800
    fh_old = 0x 00000000
    writepage =  0
    direct_io =  0
    keep_cache =  0
    fh = 0x 00007fe138002ec0
    lock_owner = 0x 0000000000000000

bb_readdir(path="/somedir", buf=0x38002e40, filler=0x3f266d00, offset=0, fi=0x3ea49c20)
    readdir returned 0x0x7fe138002ef0
calling filler with name .
calling filler with name ..
calling filler for *buddy.txt*.
    fi:
    flags = 0x 00000000
    fh_old = 0x 7fe138002ec0
    writepage =  0
    direct_io =  0
    keep_cache =  0
    fh = 0x 00007fe138002ec0
    lock_owner = 0x 0000000000000000

bb_getattr(path="/somedir", statbuf=0x3e248c00)
    bb_fullpath:  rootdir = "/home/pr109/ece566-esa/tweakfs/example/rootdir", path = "/somedir", fpath = "/home/pr109/ece566-esa/tweakfs/example/rootdir/somedir"
    lstat returned 0
    si:
    st_dev =  64768
    st_ino =  215264
    st_mode = 0 40775
    st_nlink =  2
    st_uid =  1189417
    st_gid =  1005
    st_rdev =  0
    st_size =  6
    st_blksize =  4096
    st_blocks =  0
    st_atime = 0x 5d75d9fb
    st_mtime = 0x 5d75d9f9
    st_ctime = 0x 5d75d9f9

bb_getxattr(path = "/somedir", name = "security.selinux", value = 0x34000bf0, size = 255)
    bb_fullpath:  rootdir = "/home/pr109/ece566-esa/tweakfs/example/rootdir", path = "/somedir", fpath = "/home/pr109/ece566-esa/tweakfs/example/rootdir/somedir"
    lgetxattr returned -1
    ERROR lgetxattr: No data available

bb_getxattr(path = "/somedir", name = "system.posix_acl_access", value = 0x00000000, size = 0)
    bb_fullpath:  rootdir = "/home/pr109/ece566-esa/tweakfs/example/rootdir", path = "/somedir", fpath = "/home/pr109/ece566-esa/tweakfs/example/rootdir/somedir"
    lgetxattr returned -1
    ERROR lgetxattr: No data available

bb_getxattr(path = "/somedir", name = "system.posix_acl_default", value = 0x00000000, size = 0)
    bb_fullpath:  rootdir = "/home/pr109/ece566-esa/tweakfs/example/rootdir", path = "/somedir", fpath = "/home/pr109/ece566-esa/tweakfs/example/rootdir/somedir"
    lgetxattr returned -1
    ERROR lgetxattr: No data available

bb_getattr(path="/", statbuf=0x3da47c00)
    bb_fullpath:  rootdir = "/home/pr109/ece566-esa/tweakfs/example/rootdir", path = "/", fpath = "/home/pr109/ece566-esa/tweakfs/example/rootdir/"
    lstat returned 0
    si:
    st_dev =  64768
    st_ino =  201774418
    st_mode = 0 40775
    st_nlink =  3
    st_uid =  1189417
    st_gid =  1005
    st_rdev =  0
    st_size =  52
    st_blksize =  4096
    st_blocks =  0
    st_atime = 0x 5d75dac2
    st_mtime = 0x 5d75daaa
    st_ctime = 0x 5d75daaa

bb_getxattr(path = "/", name = "security.selinux", value = 0x38001df0, size = 255)
    bb_fullpath:  rootdir = "/home/pr109/ece566-esa/tweakfs/example/rootdir", path = "/", fpath = "/home/pr109/ece566-esa/tweakfs/example/rootdir/"
    lgetxattr returned -1
    ERROR lgetxattr: No data available

bb_getxattr(path = "/", name = "system.posix_acl_access", value = 0x00000000, size = 0)
    bb_fullpath:  rootdir = "/home/pr109/ece566-esa/tweakfs/example/rootdir", path = "/", fpath = "/home/pr109/ece566-esa/tweakfs/example/rootdir/"
    lgetxattr returned -1
    ERROR lgetxattr: No data available

bb_getxattr(path = "/", name = "system.posix_acl_default", value = 0x00000000, size = 0)
    bb_fullpath:  rootdir = "/home/pr109/ece566-esa/tweakfs/example/rootdir", path = "/", fpath = "/home/pr109/ece566-esa/tweakfs/example/rootdir/"
    lgetxattr returned -1
    ERROR lgetxattr: No data available
****** get_attr on buddy.txt *******
bb_getxattr(path = "/somedir/buddy.txt", name = "security.selinux", value = 0x30000bf0, size = 255)
    bb_fullpath:  rootdir = "/home/pr109/ece566-esa/tweakfs/example/rootdir", path = "/somedir/buddy.txt", fpath = "/home/pr109/ece566-esa/tweakfs/example/rootdir/somedir/buddy.txt"
    lgetxattr returned -1
    ERROR lgetxattr: No such file or directory

bb_releasedir(path="/somedir", fi=0x3ea49c30)
    fi:
    flags = 0x 00000000
    fh_old = 0x 7fe138002ec0
    writepage =  0
    direct_io =  0
    keep_cache =  0
    fh = 0x 00007fe138002ec0
    lock_owner = 0x 0000000000000000

bb_destroy(userdata=0x55dce260)
